<?xml version="1.0" encoding="UTF-8"?>
<testsuite xmlns:xsi="http://www.w3.org/2001/XMLSchema-instance" xsi:noNamespaceSchemaLocation="https://maven.apache.org/surefire/maven-surefire-plugin/xsd/surefire-test-report-3.0.xsd" version="3.0" name="org.example.URLShortener.controller.APIControllerTest" time="0.012" tests="0" errors="0" skipped="0" failures="0">
  <properties>
    <property name="java.specification.version" value="17"/>
    <property name="sun.cpu.isalist" value="amd64"/>
    <property name="sun.jnu.encoding" value="Cp1252"/>
    <property name="java.class.path" value="C:\Users\mamta\Documents\SDE2\URLShortenerService\target\test-classes;C:\Users\mamta\Documents\SDE2\URLShortenerService\target\classes;C:\Users\mamta\.m2\repository\org\projectlombok\lombok\1.18.34\lombok-1.18.34.jar;C:\Users\mamta\.m2\repository\org\springframework\boot\spring-boot-starter-web\3.2.10\spring-boot-starter-web-3.2.10.jar;C:\Users\mamta\.m2\repository\org\springframework\boot\spring-boot-starter\3.3.3\spring-boot-starter-3.3.3.jar;C:\Users\mamta\.m2\repository\org\springframework\boot\spring-boot-starter-logging\3.3.3\spring-boot-starter-logging-3.3.3.jar;C:\Users\mamta\.m2\repository\ch\qos\logback\logback-classic\1.5.7\logback-classic-1.5.7.jar;C:\Users\mamta\.m2\repository\ch\qos\logback\logback-core\1.5.7\logback-core-1.5.7.jar;C:\Users\mamta\.m2\repository\org\apache\logging\log4j\log4j-to-slf4j\2.23.1\log4j-to-slf4j-2.23.1.jar;C:\Users\mamta\.m2\repository\org\apache\logging\log4j\log4j-api\2.23.1\log4j-api-2.23.1.jar;C:\Users\mamta\.m2\repository\org\slf4j\jul-to-slf4j\2.0.16\jul-to-slf4j-2.0.16.jar;C:\Users\mamta\.m2\repository\org\springframework\spring-core\6.1.12\spring-core-6.1.12.jar;C:\Users\mamta\.m2\repository\org\springframework\spring-jcl\6.1.12\spring-jcl-6.1.12.jar;C:\Users\mamta\.m2\repository\org\yaml\snakeyaml\2.2\snakeyaml-2.2.jar;C:\Users\mamta\.m2\repository\org\springframework\boot\spring-boot-starter-json\3.3.3\spring-boot-starter-json-3.3.3.jar;C:\Users\mamta\.m2\repository\com\fasterxml\jackson\core\jackson-databind\2.17.2\jackson-databind-2.17.2.jar;C:\Users\mamta\.m2\repository\com\fasterxml\jackson\core\jackson-annotations\2.17.2\jackson-annotations-2.17.2.jar;C:\Users\mamta\.m2\repository\com\fasterxml\jackson\core\jackson-core\2.17.2\jackson-core-2.17.2.jar;C:\Users\mamta\.m2\repository\com\fasterxml\jackson\datatype\jackson-datatype-jdk8\2.17.2\jackson-datatype-jdk8-2.17.2.jar;C:\Users\mamta\.m2\repository\com\fasterxml\jackson\datatype\jackson-datatype-jsr310\2.17.2\jackson-datatype-jsr310-2.17.2.jar;C:\Users\mamta\.m2\repository\com\fasterxml\jackson\module\jackson-module-parameter-names\2.17.2\jackson-module-parameter-names-2.17.2.jar;C:\Users\mamta\.m2\repository\org\springframework\spring-web\6.1.12\spring-web-6.1.12.jar;C:\Users\mamta\.m2\repository\org\springframework\spring-beans\6.1.12\spring-beans-6.1.12.jar;C:\Users\mamta\.m2\repository\org\springframework\spring-webmvc\6.1.12\spring-webmvc-6.1.12.jar;C:\Users\mamta\.m2\repository\org\springframework\spring-aop\6.1.12\spring-aop-6.1.12.jar;C:\Users\mamta\.m2\repository\org\springframework\spring-expression\6.1.12\spring-expression-6.1.12.jar;C:\Users\mamta\.m2\repository\org\springframework\boot\spring-boot-starter-actuator\3.3.4\spring-boot-starter-actuator-3.3.4.jar;C:\Users\mamta\.m2\repository\org\springframework\boot\spring-boot-actuator-autoconfigure\3.3.3\spring-boot-actuator-autoconfigure-3.3.3.jar;C:\Users\mamta\.m2\repository\org\springframework\boot\spring-boot-actuator\3.3.3\spring-boot-actuator-3.3.3.jar;C:\Users\mamta\.m2\repository\io\micrometer\micrometer-observation\1.13.3\micrometer-observation-1.13.3.jar;C:\Users\mamta\.m2\repository\io\micrometer\micrometer-commons\1.13.3\micrometer-commons-1.13.3.jar;C:\Users\mamta\.m2\repository\io\micrometer\micrometer-jakarta9\1.13.3\micrometer-jakarta9-1.13.3.jar;C:\Users\mamta\.m2\repository\io\micrometer\micrometer-core\1.13.3\micrometer-core-1.13.3.jar;C:\Users\mamta\.m2\repository\org\hdrhistogram\HdrHistogram\2.2.2\HdrHistogram-2.2.2.jar;C:\Users\mamta\.m2\repository\org\latencyutils\LatencyUtils\2.0.3\LatencyUtils-2.0.3.jar;C:\Users\mamta\.m2\repository\org\springframework\boot\spring-boot-autoconfigure\3.3.3\spring-boot-autoconfigure-3.3.3.jar;C:\Users\mamta\.m2\repository\org\springframework\boot\spring-boot\3.3.3\spring-boot-3.3.3.jar;C:\Users\mamta\.m2\repository\org\springdoc\springdoc-openapi-starter-webmvc-ui\2.2.0\springdoc-openapi-starter-webmvc-ui-2.2.0.jar;C:\Users\mamta\.m2\repository\org\springdoc\springdoc-openapi-starter-webmvc-api\2.2.0\springdoc-openapi-starter-webmvc-api-2.2.0.jar;C:\Users\mamta\.m2\repository\org\springdoc\springdoc-openapi-starter-common\2.2.0\springdoc-openapi-starter-common-2.2.0.jar;C:\Users\mamta\.m2\repository\io\swagger\core\v3\swagger-core-jakarta\2.2.15\swagger-core-jakarta-2.2.15.jar;C:\Users\mamta\.m2\repository\org\apache\commons\commons-lang3\3.14.0\commons-lang3-3.14.0.jar;C:\Users\mamta\.m2\repository\io\swagger\core\v3\swagger-annotations-jakarta\2.2.15\swagger-annotations-jakarta-2.2.15.jar;C:\Users\mamta\.m2\repository\io\swagger\core\v3\swagger-models-jakarta\2.2.15\swagger-models-jakarta-2.2.15.jar;C:\Users\mamta\.m2\repository\jakarta\xml\bind\jakarta.xml.bind-api\4.0.2\jakarta.xml.bind-api-4.0.2.jar;C:\Users\mamta\.m2\repository\jakarta\activation\jakarta.activation-api\2.1.3\jakarta.activation-api-2.1.3.jar;C:\Users\mamta\.m2\repository\com\fasterxml\jackson\dataformat\jackson-dataformat-yaml\2.17.2\jackson-dataformat-yaml-2.17.2.jar;C:\Users\mamta\.m2\repository\org\webjars\swagger-ui\5.2.0\swagger-ui-5.2.0.jar;C:\Users\mamta\.m2\repository\software\amazon\awssdk\dynamodb\2.20.40\dynamodb-2.20.40.jar;C:\Users\mamta\.m2\repository\software\amazon\awssdk\aws-json-protocol\2.22.0\aws-json-protocol-2.22.0.jar;C:\Users\mamta\.m2\repository\software\amazon\awssdk\third-party-jackson-core\2.22.0\third-party-jackson-core-2.22.0.jar;C:\Users\mamta\.m2\repository\software\amazon\awssdk\protocol-core\2.22.0\protocol-core-2.22.0.jar;C:\Users\mamta\.m2\repository\software\amazon\awssdk\profiles\2.22.0\profiles-2.22.0.jar;C:\Users\mamta\.m2\repository\software\amazon\awssdk\sdk-core\2.22.0\sdk-core-2.22.0.jar;C:\Users\mamta\.m2\repository\software\amazon\awssdk\http-auth-spi\2.22.0\http-auth-spi-2.22.0.jar;C:\Users\mamta\.m2\repository\software\amazon\awssdk\http-auth-aws\2.22.0\http-auth-aws-2.22.0.jar;C:\Users\mamta\.m2\repository\software\amazon\awssdk\checksums-spi\2.22.0\checksums-spi-2.22.0.jar;C:\Users\mamta\.m2\repository\software\amazon\awssdk\checksums\2.22.0\checksums-2.22.0.jar;C:\Users\mamta\.m2\repository\software\amazon\awssdk\identity-spi\2.22.0\identity-spi-2.22.0.jar;C:\Users\mamta\.m2\repository\org\slf4j\slf4j-api\2.0.16\slf4j-api-2.0.16.jar;C:\Users\mamta\.m2\repository\org\reactivestreams\reactive-streams\1.0.4\reactive-streams-1.0.4.jar;C:\Users\mamta\.m2\repository\software\amazon\awssdk\auth\2.22.0\auth-2.22.0.jar;C:\Users\mamta\.m2\repository\software\amazon\awssdk\http-auth\2.22.0\http-auth-2.22.0.jar;C:\Users\mamta\.m2\repository\software\amazon\eventstream\eventstream\1.0.1\eventstream-1.0.1.jar;C:\Users\mamta\.m2\repository\software\amazon\awssdk\http-client-spi\2.22.0\http-client-spi-2.22.0.jar;C:\Users\mamta\.m2\repository\software\amazon\awssdk\regions\2.22.0\regions-2.22.0.jar;C:\Users\mamta\.m2\repository\software\amazon\awssdk\annotations\2.22.0\annotations-2.22.0.jar;C:\Users\mamta\.m2\repository\software\amazon\awssdk\utils\2.22.0\utils-2.22.0.jar;C:\Users\mamta\.m2\repository\software\amazon\awssdk\aws-core\2.22.0\aws-core-2.22.0.jar;C:\Users\mamta\.m2\repository\software\amazon\awssdk\metrics-spi\2.22.0\metrics-spi-2.22.0.jar;C:\Users\mamta\.m2\repository\software\amazon\awssdk\json-utils\2.22.0\json-utils-2.22.0.jar;C:\Users\mamta\.m2\repository\software\amazon\awssdk\endpoints-spi\2.20.40\endpoints-spi-2.20.40.jar;C:\Users\mamta\.m2\repository\software\amazon\awssdk\netty-nio-client\2.22.0\netty-nio-client-2.22.0.jar;C:\Users\mamta\.m2\repository\io\netty\netty-codec-http\4.1.112.Final\netty-codec-http-4.1.112.Final.jar;C:\Users\mamta\.m2\repository\io\netty\netty-codec-http2\4.1.112.Final\netty-codec-http2-4.1.112.Final.jar;C:\Users\mamta\.m2\repository\io\netty\netty-codec\4.1.112.Final\netty-codec-4.1.112.Final.jar;C:\Users\mamta\.m2\repository\io\netty\netty-transport\4.1.112.Final\netty-transport-4.1.112.Final.jar;C:\Users\mamta\.m2\repository\io\netty\netty-common\4.1.112.Final\netty-common-4.1.112.Final.jar;C:\Users\mamta\.m2\repository\io\netty\netty-buffer\4.1.112.Final\netty-buffer-4.1.112.Final.jar;C:\Users\mamta\.m2\repository\io\netty\netty-handler\4.1.112.Final\netty-handler-4.1.112.Final.jar;C:\Users\mamta\.m2\repository\io\netty\netty-transport-native-unix-common\4.1.112.Final\netty-transport-native-unix-common-4.1.112.Final.jar;C:\Users\mamta\.m2\repository\io\netty\netty-transport-classes-epoll\4.1.112.Final\netty-transport-classes-epoll-4.1.112.Final.jar;C:\Users\mamta\.m2\repository\io\netty\netty-resolver\4.1.112.Final\netty-resolver-4.1.112.Final.jar;C:\Users\mamta\.m2\repository\software\amazon\awssdk\apache-client\2.22.0\apache-client-2.22.0.jar;C:\Users\mamta\.m2\repository\org\apache\httpcomponents\httpclient\4.5.13\httpclient-4.5.13.jar;C:\Users\mamta\.m2\repository\org\apache\httpcomponents\httpcore\4.4.16\httpcore-4.4.16.jar;C:\Users\mamta\.m2\repository\commons-codec\commons-codec\1.16.1\commons-codec-1.16.1.jar;C:\Users\mamta\.m2\repository\io\github\boostchicken\spring-data-dynamodb\5.2.5\spring-data-dynamodb-5.2.5.jar;C:\Users\mamta\.m2\repository\org\springframework\spring-context\6.1.12\spring-context-6.1.12.jar;C:\Users\mamta\.m2\repository\org\springframework\spring-tx\6.1.12\spring-tx-6.1.12.jar;C:\Users\mamta\.m2\repository\org\springframework\data\spring-data-commons\3.3.3\spring-data-commons-3.3.3.jar;C:\Users\mamta\.m2\repository\org\hibernate\validator\hibernate-validator\8.0.1.Final\hibernate-validator-8.0.1.Final.jar;C:\Users\mamta\.m2\repository\jakarta\validation\jakarta.validation-api\3.0.2\jakarta.validation-api-3.0.2.jar;C:\Users\mamta\.m2\repository\org\jboss\logging\jboss-logging\3.5.3.Final\jboss-logging-3.5.3.Final.jar;C:\Users\mamta\.m2\repository\com\fasterxml\classmate\1.7.0\classmate-1.7.0.jar;C:\Users\mamta\.m2\repository\javax\enterprise\cdi-api\1.2\cdi-api-1.2.jar;C:\Users\mamta\.m2\repository\javax\el\javax.el-api\3.0.0\javax.el-api-3.0.0.jar;C:\Users\mamta\.m2\repository\javax\interceptor\javax.interceptor-api\1.2\javax.interceptor-api-1.2.jar;C:\Users\mamta\.m2\repository\javax\inject\javax.inject\1\javax.inject-1.jar;C:\Users\mamta\.m2\repository\com\amazonaws\aws-java-sdk-dynamodb\1.11.573\aws-java-sdk-dynamodb-1.11.573.jar;C:\Users\mamta\.m2\repository\com\amazonaws\aws-java-sdk-s3\1.11.573\aws-java-sdk-s3-1.11.573.jar;C:\Users\mamta\.m2\repository\com\amazonaws\aws-java-sdk-kms\1.11.573\aws-java-sdk-kms-1.11.573.jar;C:\Users\mamta\.m2\repository\com\amazonaws\aws-java-sdk-core\1.11.573\aws-java-sdk-core-1.11.573.jar;C:\Users\mamta\.m2\repository\commons-logging\commons-logging\1.1.3\commons-logging-1.1.3.jar;C:\Users\mamta\.m2\repository\software\amazon\ion\ion-java\1.0.2\ion-java-1.0.2.jar;C:\Users\mamta\.m2\repository\com\fasterxml\jackson\dataformat\jackson-dataformat-cbor\2.17.2\jackson-dataformat-cbor-2.17.2.jar;C:\Users\mamta\.m2\repository\joda-time\joda-time\2.8.1\joda-time-2.8.1.jar;C:\Users\mamta\.m2\repository\com\amazonaws\jmespath-java\1.11.573\jmespath-java-1.11.573.jar;C:\Users\mamta\.m2\repository\org\springframework\boot\spring-boot-starter-cache\3.3.3\spring-boot-starter-cache-3.3.3.jar;C:\Users\mamta\.m2\repository\org\springframework\spring-context-support\6.1.12\spring-context-support-6.1.12.jar;C:\Users\mamta\.m2\repository\org\apache\tomcat\embed\tomcat-embed-jasper\10.1.28\tomcat-embed-jasper-10.1.28.jar;C:\Users\mamta\.m2\repository\org\apache\tomcat\embed\tomcat-embed-core\10.1.28\tomcat-embed-core-10.1.28.jar;C:\Users\mamta\.m2\repository\org\apache\tomcat\tomcat-annotations-api\10.1.28\tomcat-annotations-api-10.1.28.jar;C:\Users\mamta\.m2\repository\org\apache\tomcat\embed\tomcat-embed-el\10.1.28\tomcat-embed-el-10.1.28.jar;C:\Users\mamta\.m2\repository\org\eclipse\jdt\ecj\3.33.0\ecj-3.33.0.jar;C:\Users\mamta\.m2\repository\javax\servlet\jstl\1.1.2\jstl-1.1.2.jar;C:\Users\mamta\.m2\repository\org\springframework\boot\spring-boot-starter-tomcat\3.3.3\spring-boot-starter-tomcat-3.3.3.jar;C:\Users\mamta\.m2\repository\jakarta\annotation\jakarta.annotation-api\2.1.1\jakarta.annotation-api-2.1.1.jar;C:\Users\mamta\.m2\repository\org\apache\tomcat\embed\tomcat-embed-websocket\10.1.28\tomcat-embed-websocket-10.1.28.jar;"/>
    <property name="java.vm.vendor" value="Oracle Corporation"/>
    <property name="sun.arch.data.model" value="64"/>
    <property name="user.variant" value=""/>
    <property name="java.vendor.url" value="https://java.oracle.com/"/>
    <property name="user.timezone" value="Asia/Calcutta"/>
    <property name="os.name" value="Windows 11"/>
    <property name="java.vm.specification.version" value="17"/>
    <property name="sun.java.launcher" value="SUN_STANDARD"/>
    <property name="user.country" value="IN"/>
    <property name="sun.boot.library.path" value="C:\Program Files\Java\jdk-17\bin"/>
    <property name="sun.java.command" value="C:\Users\mamta\AppData\Local\Temp\surefire9844062782284657639\surefirebooter-20250305183735775_3.jar C:\Users\mamta\AppData\Local\Temp\surefire9844062782284657639 2025-03-05T18-37-35_501-jvmRun1 surefire-20250305183735775_1tmp surefire_0-20250305183735775_2tmp"/>
    <property name="jdk.debug" value="release"/>
    <property name="surefire.test.class.path" value="C:\Users\mamta\Documents\SDE2\URLShortenerService\target\test-classes;C:\Users\mamta\Documents\SDE2\URLShortenerService\target\classes;C:\Users\mamta\.m2\repository\org\projectlombok\lombok\1.18.34\lombok-1.18.34.jar;C:\Users\mamta\.m2\repository\org\springframework\boot\spring-boot-starter-web\3.2.10\spring-boot-starter-web-3.2.10.jar;C:\Users\mamta\.m2\repository\org\springframework\boot\spring-boot-starter\3.3.3\spring-boot-starter-3.3.3.jar;C:\Users\mamta\.m2\repository\org\springframework\boot\spring-boot-starter-logging\3.3.3\spring-boot-starter-logging-3.3.3.jar;C:\Users\mamta\.m2\repository\ch\qos\logback\logback-classic\1.5.7\logback-classic-1.5.7.jar;C:\Users\mamta\.m2\repository\ch\qos\logback\logback-core\1.5.7\logback-core-1.5.7.jar;C:\Users\mamta\.m2\repository\org\apache\logging\log4j\log4j-to-slf4j\2.23.1\log4j-to-slf4j-2.23.1.jar;C:\Users\mamta\.m2\repository\org\apache\logging\log4j\log4j-api\2.23.1\log4j-api-2.23.1.jar;C:\Users\mamta\.m2\repository\org\slf4j\jul-to-slf4j\2.0.16\jul-to-slf4j-2.0.16.jar;C:\Users\mamta\.m2\repository\org\springframework\spring-core\6.1.12\spring-core-6.1.12.jar;C:\Users\mamta\.m2\repository\org\springframework\spring-jcl\6.1.12\spring-jcl-6.1.12.jar;C:\Users\mamta\.m2\repository\org\yaml\snakeyaml\2.2\snakeyaml-2.2.jar;C:\Users\mamta\.m2\repository\org\springframework\boot\spring-boot-starter-json\3.3.3\spring-boot-starter-json-3.3.3.jar;C:\Users\mamta\.m2\repository\com\fasterxml\jackson\core\jackson-databind\2.17.2\jackson-databind-2.17.2.jar;C:\Users\mamta\.m2\repository\com\fasterxml\jackson\core\jackson-annotations\2.17.2\jackson-annotations-2.17.2.jar;C:\Users\mamta\.m2\repository\com\fasterxml\jackson\core\jackson-core\2.17.2\jackson-core-2.17.2.jar;C:\Users\mamta\.m2\repository\com\fasterxml\jackson\datatype\jackson-datatype-jdk8\2.17.2\jackson-datatype-jdk8-2.17.2.jar;C:\Users\mamta\.m2\repository\com\fasterxml\jackson\datatype\jackson-datatype-jsr310\2.17.2\jackson-datatype-jsr310-2.17.2.jar;C:\Users\mamta\.m2\repository\com\fasterxml\jackson\module\jackson-module-parameter-names\2.17.2\jackson-module-parameter-names-2.17.2.jar;C:\Users\mamta\.m2\repository\org\springframework\spring-web\6.1.12\spring-web-6.1.12.jar;C:\Users\mamta\.m2\repository\org\springframework\spring-beans\6.1.12\spring-beans-6.1.12.jar;C:\Users\mamta\.m2\repository\org\springframework\spring-webmvc\6.1.12\spring-webmvc-6.1.12.jar;C:\Users\mamta\.m2\repository\org\springframework\spring-aop\6.1.12\spring-aop-6.1.12.jar;C:\Users\mamta\.m2\repository\org\springframework\spring-expression\6.1.12\spring-expression-6.1.12.jar;C:\Users\mamta\.m2\repository\org\springframework\boot\spring-boot-starter-actuator\3.3.4\spring-boot-starter-actuator-3.3.4.jar;C:\Users\mamta\.m2\repository\org\springframework\boot\spring-boot-actuator-autoconfigure\3.3.3\spring-boot-actuator-autoconfigure-3.3.3.jar;C:\Users\mamta\.m2\repository\org\springframework\boot\spring-boot-actuator\3.3.3\spring-boot-actuator-3.3.3.jar;C:\Users\mamta\.m2\repository\io\micrometer\micrometer-observation\1.13.3\micrometer-observation-1.13.3.jar;C:\Users\mamta\.m2\repository\io\micrometer\micrometer-commons\1.13.3\micrometer-commons-1.13.3.jar;C:\Users\mamta\.m2\repository\io\micrometer\micrometer-jakarta9\1.13.3\micrometer-jakarta9-1.13.3.jar;C:\Users\mamta\.m2\repository\io\micrometer\micrometer-core\1.13.3\micrometer-core-1.13.3.jar;C:\Users\mamta\.m2\repository\org\hdrhistogram\HdrHistogram\2.2.2\HdrHistogram-2.2.2.jar;C:\Users\mamta\.m2\repository\org\latencyutils\LatencyUtils\2.0.3\LatencyUtils-2.0.3.jar;C:\Users\mamta\.m2\repository\org\springframework\boot\spring-boot-autoconfigure\3.3.3\spring-boot-autoconfigure-3.3.3.jar;C:\Users\mamta\.m2\repository\org\springframework\boot\spring-boot\3.3.3\spring-boot-3.3.3.jar;C:\Users\mamta\.m2\repository\org\springdoc\springdoc-openapi-starter-webmvc-ui\2.2.0\springdoc-openapi-starter-webmvc-ui-2.2.0.jar;C:\Users\mamta\.m2\repository\org\springdoc\springdoc-openapi-starter-webmvc-api\2.2.0\springdoc-openapi-starter-webmvc-api-2.2.0.jar;C:\Users\mamta\.m2\repository\org\springdoc\springdoc-openapi-starter-common\2.2.0\springdoc-openapi-starter-common-2.2.0.jar;C:\Users\mamta\.m2\repository\io\swagger\core\v3\swagger-core-jakarta\2.2.15\swagger-core-jakarta-2.2.15.jar;C:\Users\mamta\.m2\repository\org\apache\commons\commons-lang3\3.14.0\commons-lang3-3.14.0.jar;C:\Users\mamta\.m2\repository\io\swagger\core\v3\swagger-annotations-jakarta\2.2.15\swagger-annotations-jakarta-2.2.15.jar;C:\Users\mamta\.m2\repository\io\swagger\core\v3\swagger-models-jakarta\2.2.15\swagger-models-jakarta-2.2.15.jar;C:\Users\mamta\.m2\repository\jakarta\xml\bind\jakarta.xml.bind-api\4.0.2\jakarta.xml.bind-api-4.0.2.jar;C:\Users\mamta\.m2\repository\jakarta\activation\jakarta.activation-api\2.1.3\jakarta.activation-api-2.1.3.jar;C:\Users\mamta\.m2\repository\com\fasterxml\jackson\dataformat\jackson-dataformat-yaml\2.17.2\jackson-dataformat-yaml-2.17.2.jar;C:\Users\mamta\.m2\repository\org\webjars\swagger-ui\5.2.0\swagger-ui-5.2.0.jar;C:\Users\mamta\.m2\repository\software\amazon\awssdk\dynamodb\2.20.40\dynamodb-2.20.40.jar;C:\Users\mamta\.m2\repository\software\amazon\awssdk\aws-json-protocol\2.22.0\aws-json-protocol-2.22.0.jar;C:\Users\mamta\.m2\repository\software\amazon\awssdk\third-party-jackson-core\2.22.0\third-party-jackson-core-2.22.0.jar;C:\Users\mamta\.m2\repository\software\amazon\awssdk\protocol-core\2.22.0\protocol-core-2.22.0.jar;C:\Users\mamta\.m2\repository\software\amazon\awssdk\profiles\2.22.0\profiles-2.22.0.jar;C:\Users\mamta\.m2\repository\software\amazon\awssdk\sdk-core\2.22.0\sdk-core-2.22.0.jar;C:\Users\mamta\.m2\repository\software\amazon\awssdk\http-auth-spi\2.22.0\http-auth-spi-2.22.0.jar;C:\Users\mamta\.m2\repository\software\amazon\awssdk\http-auth-aws\2.22.0\http-auth-aws-2.22.0.jar;C:\Users\mamta\.m2\repository\software\amazon\awssdk\checksums-spi\2.22.0\checksums-spi-2.22.0.jar;C:\Users\mamta\.m2\repository\software\amazon\awssdk\checksums\2.22.0\checksums-2.22.0.jar;C:\Users\mamta\.m2\repository\software\amazon\awssdk\identity-spi\2.22.0\identity-spi-2.22.0.jar;C:\Users\mamta\.m2\repository\org\slf4j\slf4j-api\2.0.16\slf4j-api-2.0.16.jar;C:\Users\mamta\.m2\repository\org\reactivestreams\reactive-streams\1.0.4\reactive-streams-1.0.4.jar;C:\Users\mamta\.m2\repository\software\amazon\awssdk\auth\2.22.0\auth-2.22.0.jar;C:\Users\mamta\.m2\repository\software\amazon\awssdk\http-auth\2.22.0\http-auth-2.22.0.jar;C:\Users\mamta\.m2\repository\software\amazon\eventstream\eventstream\1.0.1\eventstream-1.0.1.jar;C:\Users\mamta\.m2\repository\software\amazon\awssdk\http-client-spi\2.22.0\http-client-spi-2.22.0.jar;C:\Users\mamta\.m2\repository\software\amazon\awssdk\regions\2.22.0\regions-2.22.0.jar;C:\Users\mamta\.m2\repository\software\amazon\awssdk\annotations\2.22.0\annotations-2.22.0.jar;C:\Users\mamta\.m2\repository\software\amazon\awssdk\utils\2.22.0\utils-2.22.0.jar;C:\Users\mamta\.m2\repository\software\amazon\awssdk\aws-core\2.22.0\aws-core-2.22.0.jar;C:\Users\mamta\.m2\repository\software\amazon\awssdk\metrics-spi\2.22.0\metrics-spi-2.22.0.jar;C:\Users\mamta\.m2\repository\software\amazon\awssdk\json-utils\2.22.0\json-utils-2.22.0.jar;C:\Users\mamta\.m2\repository\software\amazon\awssdk\endpoints-spi\2.20.40\endpoints-spi-2.20.40.jar;C:\Users\mamta\.m2\repository\software\amazon\awssdk\netty-nio-client\2.22.0\netty-nio-client-2.22.0.jar;C:\Users\mamta\.m2\repository\io\netty\netty-codec-http\4.1.112.Final\netty-codec-http-4.1.112.Final.jar;C:\Users\mamta\.m2\repository\io\netty\netty-codec-http2\4.1.112.Final\netty-codec-http2-4.1.112.Final.jar;C:\Users\mamta\.m2\repository\io\netty\netty-codec\4.1.112.Final\netty-codec-4.1.112.Final.jar;C:\Users\mamta\.m2\repository\io\netty\netty-transport\4.1.112.Final\netty-transport-4.1.112.Final.jar;C:\Users\mamta\.m2\repository\io\netty\netty-common\4.1.112.Final\netty-common-4.1.112.Final.jar;C:\Users\mamta\.m2\repository\io\netty\netty-buffer\4.1.112.Final\netty-buffer-4.1.112.Final.jar;C:\Users\mamta\.m2\repository\io\netty\netty-handler\4.1.112.Final\netty-handler-4.1.112.Final.jar;C:\Users\mamta\.m2\repository\io\netty\netty-transport-native-unix-common\4.1.112.Final\netty-transport-native-unix-common-4.1.112.Final.jar;C:\Users\mamta\.m2\repository\io\netty\netty-transport-classes-epoll\4.1.112.Final\netty-transport-classes-epoll-4.1.112.Final.jar;C:\Users\mamta\.m2\repository\io\netty\netty-resolver\4.1.112.Final\netty-resolver-4.1.112.Final.jar;C:\Users\mamta\.m2\repository\software\amazon\awssdk\apache-client\2.22.0\apache-client-2.22.0.jar;C:\Users\mamta\.m2\repository\org\apache\httpcomponents\httpclient\4.5.13\httpclient-4.5.13.jar;C:\Users\mamta\.m2\repository\org\apache\httpcomponents\httpcore\4.4.16\httpcore-4.4.16.jar;C:\Users\mamta\.m2\repository\commons-codec\commons-codec\1.16.1\commons-codec-1.16.1.jar;C:\Users\mamta\.m2\repository\io\github\boostchicken\spring-data-dynamodb\5.2.5\spring-data-dynamodb-5.2.5.jar;C:\Users\mamta\.m2\repository\org\springframework\spring-context\6.1.12\spring-context-6.1.12.jar;C:\Users\mamta\.m2\repository\org\springframework\spring-tx\6.1.12\spring-tx-6.1.12.jar;C:\Users\mamta\.m2\repository\org\springframework\data\spring-data-commons\3.3.3\spring-data-commons-3.3.3.jar;C:\Users\mamta\.m2\repository\org\hibernate\validator\hibernate-validator\8.0.1.Final\hibernate-validator-8.0.1.Final.jar;C:\Users\mamta\.m2\repository\jakarta\validation\jakarta.validation-api\3.0.2\jakarta.validation-api-3.0.2.jar;C:\Users\mamta\.m2\repository\org\jboss\logging\jboss-logging\3.5.3.Final\jboss-logging-3.5.3.Final.jar;C:\Users\mamta\.m2\repository\com\fasterxml\classmate\1.7.0\classmate-1.7.0.jar;C:\Users\mamta\.m2\repository\javax\enterprise\cdi-api\1.2\cdi-api-1.2.jar;C:\Users\mamta\.m2\repository\javax\el\javax.el-api\3.0.0\javax.el-api-3.0.0.jar;C:\Users\mamta\.m2\repository\javax\interceptor\javax.interceptor-api\1.2\javax.interceptor-api-1.2.jar;C:\Users\mamta\.m2\repository\javax\inject\javax.inject\1\javax.inject-1.jar;C:\Users\mamta\.m2\repository\com\amazonaws\aws-java-sdk-dynamodb\1.11.573\aws-java-sdk-dynamodb-1.11.573.jar;C:\Users\mamta\.m2\repository\com\amazonaws\aws-java-sdk-s3\1.11.573\aws-java-sdk-s3-1.11.573.jar;C:\Users\mamta\.m2\repository\com\amazonaws\aws-java-sdk-kms\1.11.573\aws-java-sdk-kms-1.11.573.jar;C:\Users\mamta\.m2\repository\com\amazonaws\aws-java-sdk-core\1.11.573\aws-java-sdk-core-1.11.573.jar;C:\Users\mamta\.m2\repository\commons-logging\commons-logging\1.1.3\commons-logging-1.1.3.jar;C:\Users\mamta\.m2\repository\software\amazon\ion\ion-java\1.0.2\ion-java-1.0.2.jar;C:\Users\mamta\.m2\repository\com\fasterxml\jackson\dataformat\jackson-dataformat-cbor\2.17.2\jackson-dataformat-cbor-2.17.2.jar;C:\Users\mamta\.m2\repository\joda-time\joda-time\2.8.1\joda-time-2.8.1.jar;C:\Users\mamta\.m2\repository\com\amazonaws\jmespath-java\1.11.573\jmespath-java-1.11.573.jar;C:\Users\mamta\.m2\repository\org\springframework\boot\spring-boot-starter-cache\3.3.3\spring-boot-starter-cache-3.3.3.jar;C:\Users\mamta\.m2\repository\org\springframework\spring-context-support\6.1.12\spring-context-support-6.1.12.jar;C:\Users\mamta\.m2\repository\org\apache\tomcat\embed\tomcat-embed-jasper\10.1.28\tomcat-embed-jasper-10.1.28.jar;C:\Users\mamta\.m2\repository\org\apache\tomcat\embed\tomcat-embed-core\10.1.28\tomcat-embed-core-10.1.28.jar;C:\Users\mamta\.m2\repository\org\apache\tomcat\tomcat-annotations-api\10.1.28\tomcat-annotations-api-10.1.28.jar;C:\Users\mamta\.m2\repository\org\apache\tomcat\embed\tomcat-embed-el\10.1.28\tomcat-embed-el-10.1.28.jar;C:\Users\mamta\.m2\repository\org\eclipse\jdt\ecj\3.33.0\ecj-3.33.0.jar;C:\Users\mamta\.m2\repository\javax\servlet\jstl\1.1.2\jstl-1.1.2.jar;C:\Users\mamta\.m2\repository\org\springframework\boot\spring-boot-starter-tomcat\3.3.3\spring-boot-starter-tomcat-3.3.3.jar;C:\Users\mamta\.m2\repository\jakarta\annotation\jakarta.annotation-api\2.1.1\jakarta.annotation-api-2.1.1.jar;C:\Users\mamta\.m2\repository\org\apache\tomcat\embed\tomcat-embed-websocket\10.1.28\tomcat-embed-websocket-10.1.28.jar;"/>
    <property name="sun.cpu.endian" value="little"/>
    <property name="user.home" value="C:\Users\mamta"/>
    <property name="user.language" value="en"/>
    <property name="java.specification.vendor" value="Oracle Corporation"/>
    <property name="java.version.date" value="2023-07-18"/>
    <property name="java.home" value="C:\Program Files\Java\jdk-17"/>
    <property name="file.separator" value="\"/>
    <property name="basedir" value="C:\Users\mamta\Documents\SDE2\URLShortenerService"/>
    <property name="java.vm.compressedOopsMode" value="32-bit"/>
    <property name="line.separator" value="&#10;"/>
    <property name="java.vm.specification.vendor" value="Oracle Corporation"/>
    <property name="java.specification.name" value="Java Platform API Specification"/>
    <property name="surefire.real.class.path" value="C:\Users\mamta\AppData\Local\Temp\surefire9844062782284657639\surefirebooter-20250305183735775_3.jar"/>
    <property name="user.script" value=""/>
    <property name="sun.management.compiler" value="HotSpot 64-Bit Tiered Compilers"/>
    <property name="java.runtime.version" value="17.0.8+9-LTS-211"/>
    <property name="user.name" value="mamta"/>
    <property name="path.separator" value=";"/>
    <property name="os.version" value="10.0"/>
    <property name="java.runtime.name" value="Java(TM) SE Runtime Environment"/>
    <property name="file.encoding" value="Cp1252"/>
    <property name="java.vm.name" value="Java HotSpot(TM) 64-Bit Server VM"/>
    <property name="localRepository" value="C:\Users\mamta\.m2\repository"/>
    <property name="java.vendor.url.bug" value="https://bugreport.java.com/bugreport/"/>
    <property name="java.io.tmpdir" value="C:\Users\mamta\AppData\Local\Temp\"/>
    <property name="idea.version" value="2023.2"/>
    <property name="java.version" value="17.0.8"/>
    <property name="user.dir" value="C:\Users\mamta\Documents\SDE2\URLShortenerService"/>
    <property name="os.arch" value="amd64"/>
    <property name="java.vm.specification.name" value="Java Virtual Machine Specification"/>
    <property name="sun.os.patch.level" value=""/>
    <property name="native.encoding" value="Cp1252"/>
    <property name="java.library.path" value="C:\Program Files\Java\jdk-17\bin;C:\WINDOWS\Sun\Java\bin;C:\WINDOWS\system32;C:\WINDOWS;C:\WINDOWS\system32;C:\WINDOWS;C:\WINDOWS\System32\Wbem;C:\WINDOWS\System32\WindowsPowerShell\v1.0\;C:\WINDOWS\System32\OpenSSH\;C:\Program Files\nodejs\;C:\Program Files\Git\cmd;C:\Users\mamta\Documents\apache-maven-3.9.4\apache-maven\src\bin;C:\Program Files\Java\jdk-17\\bin;C:\Program Files\Docker\Docker\resources\bin;C:\Program Files\MongoDB\Server\7.0\bin;C:\Program Files\Amazon\AWSCLIV2\;C:\Users\mamta\AppData\Local\Microsoft\WindowsApps;C:\Users\mamta\AppData\Local\Programs\Microsoft VS Code\bin;C:\Program Files\Git\bin;C:\Users\mamta\AppData\Roaming\npm;C:\Program Files\nodejs;C:\Users\mamta\AppData\Local\GitHubDesktop\bin;C:\ProgramData\mamta\GitHubDesktop\bin;C:\Program Files\MongoDB\Server\7.0\bin;;."/>
    <property name="java.vm.info" value="mixed mode, sharing"/>
    <property name="java.vendor" value="Oracle Corporation"/>
    <property name="java.vm.version" value="17.0.8+9-LTS-211"/>
    <property name="sun.io.unicode.encoding" value="UnicodeLittle"/>
    <property name="java.class.version" value="61.0"/>
  </properties>
</testsuite>